<?xml version="1.0" encoding="UTF-8"?>
<testng-results skipped="0" failed="0" ignored="0" total="1" passed="1">
  <reporter-output>
  </reporter-output>
  <suite name="Default suite" duration-ms="81" started-at="2020-06-14T10:57:10 BST" finished-at="2020-06-14T10:57:10 BST">
    <groups>
    </groups>
    <test name="Default test" duration-ms="81" started-at="2020-06-14T10:57:10 BST" finished-at="2020-06-14T10:57:10 BST">
      <class name="Maven.GIT_Project.App">
        <test-method status="PASS" signature="main()[pri:0, instance:Maven.GIT_Project.App@6f1fba17]" name="main" duration-ms="20" started-at="2020-06-14T10:57:10 BST" finished-at="2020-06-14T10:57:10 BST">
          <reporter-output>
          </reporter-output>
        </test-method> <!-- main -->
      </class> <!-- Maven.GIT_Project.App -->
    </test> <!-- Default test -->
  </suite> <!-- Default suite -->
</testng-results>
